npm error code ERESOLVE
npm error ERESOLVE unable to resolve dependency tree
npm error
npm error While resolving: hikearound-web@0.0.1
npm error Found: next@12.3.7
npm error node_modules/next
npm error   next@"^12.3.4" from the root project
npm error
npm error Could not resolve dependency:
npm error peer next@"^14.1.0 || ^15.0.0" from @storybook/nextjs@9.0.1
npm error node_modules/@storybook/nextjs
npm error   dev @storybook/nextjs@"^9.0.1" from the root project
npm error
npm error Fix the upstream dependency conflict, or retry
npm error this command with --force or --legacy-peer-deps
npm error to accept an incorrect (and potentially broken) dependency resolution.
npm error
npm error
npm error For a full report see:
npm error /Users/patdugan/.npm/_logs/2025-05-30T17_09_19_846Z-eresolve-report.txt
npm error A complete log of this run can be found in: /Users/patdugan/.npm/_logs/2025-05-30T17_09_19_846Z-debug-0.log
